                                      1 ;--------------------------------------------------------
                                      2 ; File Created by SDCC : free open source ISO C Compiler
                                      3 ; Version 4.5.0 #15242 (MINGW64)
                                      4 ;--------------------------------------------------------
                                      5 	.module BlinkingLED
                                      6 	
                                      7 	.optsdcc -mmcs51 --model-small
                                      8 ;--------------------------------------------------------
                                      9 ; Public variables in this module
                                     10 ;--------------------------------------------------------
                                     11 	.globl _main
                                     12 	.globl _CY
                                     13 	.globl _AC
                                     14 	.globl _F0
                                     15 	.globl _RS1
                                     16 	.globl _RS0
                                     17 	.globl _OV
                                     18 	.globl _F1
                                     19 	.globl _P
                                     20 	.globl _PS
                                     21 	.globl _PT1
                                     22 	.globl _PX1
                                     23 	.globl _PT0
                                     24 	.globl _PX0
                                     25 	.globl _RD
                                     26 	.globl _WR
                                     27 	.globl _T1
                                     28 	.globl _T0
                                     29 	.globl _INT1
                                     30 	.globl _INT0
                                     31 	.globl _TXD
                                     32 	.globl _RXD
                                     33 	.globl _P3_7
                                     34 	.globl _P3_6
                                     35 	.globl _P3_5
                                     36 	.globl _P3_4
                                     37 	.globl _P3_3
                                     38 	.globl _P3_2
                                     39 	.globl _P3_1
                                     40 	.globl _P3_0
                                     41 	.globl _EA
                                     42 	.globl _ES
                                     43 	.globl _ET1
                                     44 	.globl _EX1
                                     45 	.globl _ET0
                                     46 	.globl _EX0
                                     47 	.globl _P2_7
                                     48 	.globl _P2_6
                                     49 	.globl _P2_5
                                     50 	.globl _P2_4
                                     51 	.globl _P2_3
                                     52 	.globl _P2_2
                                     53 	.globl _P2_1
                                     54 	.globl _P2_0
                                     55 	.globl _SM0
                                     56 	.globl _SM1
                                     57 	.globl _SM2
                                     58 	.globl _REN
                                     59 	.globl _TB8
                                     60 	.globl _RB8
                                     61 	.globl _TI
                                     62 	.globl _RI
                                     63 	.globl _P1_7
                                     64 	.globl _P1_6
                                     65 	.globl _P1_5
                                     66 	.globl _P1_4
                                     67 	.globl _P1_3
                                     68 	.globl _P1_2
                                     69 	.globl _P1_1
                                     70 	.globl _P1_0
                                     71 	.globl _TF1
                                     72 	.globl _TR1
                                     73 	.globl _TF0
                                     74 	.globl _TR0
                                     75 	.globl _IE1
                                     76 	.globl _IT1
                                     77 	.globl _IE0
                                     78 	.globl _IT0
                                     79 	.globl _P0_7
                                     80 	.globl _P0_6
                                     81 	.globl _P0_5
                                     82 	.globl _P0_4
                                     83 	.globl _P0_3
                                     84 	.globl _P0_2
                                     85 	.globl _P0_1
                                     86 	.globl _P0_0
                                     87 	.globl _B
                                     88 	.globl _ACC
                                     89 	.globl _PSW
                                     90 	.globl _IP
                                     91 	.globl _P3
                                     92 	.globl _IE
                                     93 	.globl _P2
                                     94 	.globl _SBUF
                                     95 	.globl _SCON
                                     96 	.globl _P1
                                     97 	.globl _TH1
                                     98 	.globl _TH0
                                     99 	.globl _TL1
                                    100 	.globl _TL0
                                    101 	.globl _TMOD
                                    102 	.globl _TCON
                                    103 	.globl _PCON
                                    104 	.globl _DPH
                                    105 	.globl _DPL
                                    106 	.globl _SP
                                    107 	.globl _P0
                                    108 ;--------------------------------------------------------
                                    109 ; special function registers
                                    110 ;--------------------------------------------------------
                                    111 	.area RSEG    (ABS,DATA)
      000000                        112 	.org 0x0000
                           000080   113 _P0	=	0x0080
                           000081   114 _SP	=	0x0081
                           000082   115 _DPL	=	0x0082
                           000083   116 _DPH	=	0x0083
                           000087   117 _PCON	=	0x0087
                           000088   118 _TCON	=	0x0088
                           000089   119 _TMOD	=	0x0089
                           00008A   120 _TL0	=	0x008a
                           00008B   121 _TL1	=	0x008b
                           00008C   122 _TH0	=	0x008c
                           00008D   123 _TH1	=	0x008d
                           000090   124 _P1	=	0x0090
                           000098   125 _SCON	=	0x0098
                           000099   126 _SBUF	=	0x0099
                           0000A0   127 _P2	=	0x00a0
                           0000A8   128 _IE	=	0x00a8
                           0000B0   129 _P3	=	0x00b0
                           0000B8   130 _IP	=	0x00b8
                           0000D0   131 _PSW	=	0x00d0
                           0000E0   132 _ACC	=	0x00e0
                           0000F0   133 _B	=	0x00f0
                                    134 ;--------------------------------------------------------
                                    135 ; special function bits
                                    136 ;--------------------------------------------------------
                                    137 	.area RSEG    (ABS,DATA)
      000000                        138 	.org 0x0000
                           000080   139 _P0_0	=	0x0080
                           000081   140 _P0_1	=	0x0081
                           000082   141 _P0_2	=	0x0082
                           000083   142 _P0_3	=	0x0083
                           000084   143 _P0_4	=	0x0084
                           000085   144 _P0_5	=	0x0085
                           000086   145 _P0_6	=	0x0086
                           000087   146 _P0_7	=	0x0087
                           000088   147 _IT0	=	0x0088
                           000089   148 _IE0	=	0x0089
                           00008A   149 _IT1	=	0x008a
                           00008B   150 _IE1	=	0x008b
                           00008C   151 _TR0	=	0x008c
                           00008D   152 _TF0	=	0x008d
                           00008E   153 _TR1	=	0x008e
                           00008F   154 _TF1	=	0x008f
                           000090   155 _P1_0	=	0x0090
                           000091   156 _P1_1	=	0x0091
                           000092   157 _P1_2	=	0x0092
                           000093   158 _P1_3	=	0x0093
                           000094   159 _P1_4	=	0x0094
                           000095   160 _P1_5	=	0x0095
                           000096   161 _P1_6	=	0x0096
                           000097   162 _P1_7	=	0x0097
                           000098   163 _RI	=	0x0098
                           000099   164 _TI	=	0x0099
                           00009A   165 _RB8	=	0x009a
                           00009B   166 _TB8	=	0x009b
                           00009C   167 _REN	=	0x009c
                           00009D   168 _SM2	=	0x009d
                           00009E   169 _SM1	=	0x009e
                           00009F   170 _SM0	=	0x009f
                           0000A0   171 _P2_0	=	0x00a0
                           0000A1   172 _P2_1	=	0x00a1
                           0000A2   173 _P2_2	=	0x00a2
                           0000A3   174 _P2_3	=	0x00a3
                           0000A4   175 _P2_4	=	0x00a4
                           0000A5   176 _P2_5	=	0x00a5
                           0000A6   177 _P2_6	=	0x00a6
                           0000A7   178 _P2_7	=	0x00a7
                           0000A8   179 _EX0	=	0x00a8
                           0000A9   180 _ET0	=	0x00a9
                           0000AA   181 _EX1	=	0x00aa
                           0000AB   182 _ET1	=	0x00ab
                           0000AC   183 _ES	=	0x00ac
                           0000AF   184 _EA	=	0x00af
                           0000B0   185 _P3_0	=	0x00b0
                           0000B1   186 _P3_1	=	0x00b1
                           0000B2   187 _P3_2	=	0x00b2
                           0000B3   188 _P3_3	=	0x00b3
                           0000B4   189 _P3_4	=	0x00b4
                           0000B5   190 _P3_5	=	0x00b5
                           0000B6   191 _P3_6	=	0x00b6
                           0000B7   192 _P3_7	=	0x00b7
                           0000B0   193 _RXD	=	0x00b0
                           0000B1   194 _TXD	=	0x00b1
                           0000B2   195 _INT0	=	0x00b2
                           0000B3   196 _INT1	=	0x00b3
                           0000B4   197 _T0	=	0x00b4
                           0000B5   198 _T1	=	0x00b5
                           0000B6   199 _WR	=	0x00b6
                           0000B7   200 _RD	=	0x00b7
                           0000B8   201 _PX0	=	0x00b8
                           0000B9   202 _PT0	=	0x00b9
                           0000BA   203 _PX1	=	0x00ba
                           0000BB   204 _PT1	=	0x00bb
                           0000BC   205 _PS	=	0x00bc
                           0000D0   206 _P	=	0x00d0
                           0000D1   207 _F1	=	0x00d1
                           0000D2   208 _OV	=	0x00d2
                           0000D3   209 _RS0	=	0x00d3
                           0000D4   210 _RS1	=	0x00d4
                           0000D5   211 _F0	=	0x00d5
                           0000D6   212 _AC	=	0x00d6
                           0000D7   213 _CY	=	0x00d7
                                    214 ;--------------------------------------------------------
                                    215 ; overlayable register banks
                                    216 ;--------------------------------------------------------
                                    217 	.area REG_BANK_0	(REL,OVR,DATA)
      000000                        218 	.ds 8
                                    219 ;--------------------------------------------------------
                                    220 ; internal ram data
                                    221 ;--------------------------------------------------------
                                    222 	.area DSEG    (DATA)
                                    223 ;--------------------------------------------------------
                                    224 ; overlayable items in internal ram
                                    225 ;--------------------------------------------------------
                                    226 	.area	OSEG    (OVR,DATA)
                                    227 ;--------------------------------------------------------
                                    228 ; Stack segment in internal ram
                                    229 ;--------------------------------------------------------
                                    230 	.area SSEG
      000000                        231 __start__stack:
      000000                        232 	.ds	1
                                    233 
                                    234 ;--------------------------------------------------------
                                    235 ; indirectly addressable internal ram data
                                    236 ;--------------------------------------------------------
                                    237 	.area ISEG    (DATA)
                                    238 ;--------------------------------------------------------
                                    239 ; absolute internal ram data
                                    240 ;--------------------------------------------------------
                                    241 	.area IABS    (ABS,DATA)
                                    242 	.area IABS    (ABS,DATA)
                                    243 ;--------------------------------------------------------
                                    244 ; bit data
                                    245 ;--------------------------------------------------------
                                    246 	.area BSEG    (BIT)
                                    247 ;--------------------------------------------------------
                                    248 ; paged external ram data
                                    249 ;--------------------------------------------------------
                                    250 	.area PSEG    (PAG,XDATA)
                                    251 ;--------------------------------------------------------
                                    252 ; uninitialized external ram data
                                    253 ;--------------------------------------------------------
                                    254 	.area XSEG    (XDATA)
                                    255 ;--------------------------------------------------------
                                    256 ; absolute external ram data
                                    257 ;--------------------------------------------------------
                                    258 	.area XABS    (ABS,XDATA)
                                    259 ;--------------------------------------------------------
                                    260 ; initialized external ram data
                                    261 ;--------------------------------------------------------
                                    262 	.area XISEG   (XDATA)
                                    263 	.area HOME    (CODE)
                                    264 	.area GSINIT0 (CODE)
                                    265 	.area GSINIT1 (CODE)
                                    266 	.area GSINIT2 (CODE)
                                    267 	.area GSINIT3 (CODE)
                                    268 	.area GSINIT4 (CODE)
                                    269 	.area GSINIT5 (CODE)
                                    270 	.area GSINIT  (CODE)
                                    271 	.area GSFINAL (CODE)
                                    272 	.area CSEG    (CODE)
                                    273 ;--------------------------------------------------------
                                    274 ; interrupt vector
                                    275 ;--------------------------------------------------------
                                    276 	.area HOME    (CODE)
      000000                        277 __interrupt_vect:
      000000 02r00r00         [24]  278 	ljmp	__sdcc_gsinit_startup
                                    279 ; restartable atomic support routines
      000003                        280 	.ds	5
      000008                        281 sdcc_atomic_exchange_rollback_start::
      000008 00               [12]  282 	nop
      000009 00               [12]  283 	nop
      00000A                        284 sdcc_atomic_exchange_pdata_impl:
      00000A E2               [24]  285 	movx	a, @r0
      00000B FB               [12]  286 	mov	r3, a
      00000C EA               [12]  287 	mov	a, r2
      00000D F2               [24]  288 	movx	@r0, a
      00000E 80 2C            [24]  289 	sjmp	sdcc_atomic_exchange_exit
      000010 00               [12]  290 	nop
      000011 00               [12]  291 	nop
      000012                        292 sdcc_atomic_exchange_xdata_impl:
      000012 E0               [24]  293 	movx	a, @dptr
      000013 FB               [12]  294 	mov	r3, a
      000014 EA               [12]  295 	mov	a, r2
      000015 F0               [24]  296 	movx	@dptr, a
      000016 80 24            [24]  297 	sjmp	sdcc_atomic_exchange_exit
      000018                        298 sdcc_atomic_compare_exchange_idata_impl:
      000018 E6               [12]  299 	mov	a, @r0
      000019 B5 02 02         [24]  300 	cjne	a, ar2, .+#5
      00001C EB               [12]  301 	mov	a, r3
      00001D F6               [12]  302 	mov	@r0, a
      00001E 22               [24]  303 	ret
      00001F 00               [12]  304 	nop
      000020                        305 sdcc_atomic_compare_exchange_pdata_impl:
      000020 E2               [24]  306 	movx	a, @r0
      000021 B5 02 02         [24]  307 	cjne	a, ar2, .+#5
      000024 EB               [12]  308 	mov	a, r3
      000025 F2               [24]  309 	movx	@r0, a
      000026 22               [24]  310 	ret
      000027 00               [12]  311 	nop
      000028                        312 sdcc_atomic_compare_exchange_xdata_impl:
      000028 E0               [24]  313 	movx	a, @dptr
      000029 B5 02 02         [24]  314 	cjne	a, ar2, .+#5
      00002C EB               [12]  315 	mov	a, r3
      00002D F0               [24]  316 	movx	@dptr, a
      00002E 22               [24]  317 	ret
      00002F                        318 sdcc_atomic_exchange_rollback_end::
                                    319 
      00002F                        320 sdcc_atomic_exchange_gptr_impl::
      00002F 30 F6 E0         [24]  321 	jnb	b.6, sdcc_atomic_exchange_xdata_impl
      000032 A8 82            [24]  322 	mov	r0, dpl
      000034 20 F5 D3         [24]  323 	jb	b.5, sdcc_atomic_exchange_pdata_impl
      000037                        324 sdcc_atomic_exchange_idata_impl:
      000037 EA               [12]  325 	mov	a, r2
      000038 C6               [12]  326 	xch	a, @r0
      000039 F5 82            [12]  327 	mov	dpl, a
      00003B 22               [24]  328 	ret
      00003C                        329 sdcc_atomic_exchange_exit:
      00003C 8B 82            [24]  330 	mov	dpl, r3
      00003E 22               [24]  331 	ret
      00003F                        332 sdcc_atomic_compare_exchange_gptr_impl::
      00003F 30 F6 E6         [24]  333 	jnb	b.6, sdcc_atomic_compare_exchange_xdata_impl
      000042 A8 82            [24]  334 	mov	r0, dpl
      000044 20 F5 D9         [24]  335 	jb	b.5, sdcc_atomic_compare_exchange_pdata_impl
      000047 80 CF            [24]  336 	sjmp	sdcc_atomic_compare_exchange_idata_impl
                                    337 ;--------------------------------------------------------
                                    338 ; global & static initialisations
                                    339 ;--------------------------------------------------------
                                    340 	.area HOME    (CODE)
                                    341 	.area GSINIT  (CODE)
                                    342 	.area GSFINAL (CODE)
                                    343 	.area GSINIT  (CODE)
                                    344 	.globl __sdcc_gsinit_startup
                                    345 	.globl __sdcc_program_startup
                                    346 	.globl __start__stack
                                    347 	.globl __mcs51_genXINIT
                                    348 	.globl __mcs51_genXRAMCLEAR
                                    349 	.globl __mcs51_genRAMCLEAR
                                    350 	.area GSFINAL (CODE)
      000000 02r00r49         [24]  351 	ljmp	__sdcc_program_startup
                                    352 ;--------------------------------------------------------
                                    353 ; Home
                                    354 ;--------------------------------------------------------
                                    355 	.area HOME    (CODE)
                                    356 	.area HOME    (CODE)
      000049                        357 __sdcc_program_startup:
      000049 02r00r00         [24]  358 	ljmp	_main
                                    359 ;	return from main will return to caller
                                    360 ;--------------------------------------------------------
                                    361 ; code
                                    362 ;--------------------------------------------------------
                                    363 	.area CSEG    (CODE)
                                    364 ;------------------------------------------------------------
                                    365 ;Allocation info for local variables in function 'main'
                                    366 ;------------------------------------------------------------
                                    367 ;status        Allocated to registers r7 
                                    368 ;i             Allocated to registers r6 
                                    369 ;j             Allocated to registers r5 
                                    370 ;------------------------------------------------------------
                                    371 ;	BlinkingLED.c:3: void main()
                                    372 ;	-----------------------------------------
                                    373 ;	 function main
                                    374 ;	-----------------------------------------
      000000                        375 _main:
                           000007   376 	ar7 = 0x07
                           000006   377 	ar6 = 0x06
                           000005   378 	ar5 = 0x05
                           000004   379 	ar4 = 0x04
                           000003   380 	ar3 = 0x03
                           000002   381 	ar2 = 0x02
                           000001   382 	ar1 = 0x01
                           000000   383 	ar0 = 0x00
                                    384 ;	BlinkingLED.c:5: char status = 0;
      000000 7F 00            [12]  385 	mov	r7,#0x00
                                    386 ;	BlinkingLED.c:6: while (1) {
      000002                        387 00104$:
                                    388 ;	BlinkingLED.c:7: P2 = status ? 0xff : 0x00;
      000002 EF               [12]  389 	mov	a,r7
      000003 60 04            [24]  390 	jz	00114$
      000005 7E FF            [12]  391 	mov	r6,#0xff
      000007 80 02            [24]  392 	sjmp	00115$
      000009                        393 00114$:
      000009 7E 00            [12]  394 	mov	r6,#0x00
      00000B                        395 00115$:
      00000B 8E A0            [24]  396 	mov	_P2,r6
                                    397 ;	BlinkingLED.c:8: for (unsigned i = 0; i < 100; i ++) {
      00000D 7E 00            [12]  398 	mov	r6,#0x00
      00000F                        399 00110$:
      00000F BE 64 00         [24]  400 	cjne	r6,#0x64,00155$
      000012                        401 00155$:
      000012 50 0D            [24]  402 	jnc	00102$
                                    403 ;	BlinkingLED.c:9: for (unsigned j = 0; j < 255; j ++) {
      000014 7D 00            [12]  404 	mov	r5,#0x00
      000016                        405 00107$:
      000016 BD FF 00         [24]  406 	cjne	r5,#0xff,00157$
      000019                        407 00157$:
      000019 50 03            [24]  408 	jnc	00111$
      00001B 0D               [12]  409 	inc	r5
      00001C 80 F8            [24]  410 	sjmp	00107$
      00001E                        411 00111$:
                                    412 ;	BlinkingLED.c:8: for (unsigned i = 0; i < 100; i ++) {
      00001E 0E               [12]  413 	inc	r6
      00001F 80 EE            [24]  414 	sjmp	00110$
      000021                        415 00102$:
                                    416 ;	BlinkingLED.c:12: status = ~status;
      000021 EF               [12]  417 	mov	a,r7
      000022 F4               [12]  418 	cpl	a
      000023 FF               [12]  419 	mov	r7,a
                                    420 ;	BlinkingLED.c:14: }
      000024 80 DC            [24]  421 	sjmp	00104$
                                    422 	.area CSEG    (CODE)
                                    423 	.area CONST   (CODE)
                                    424 	.area XINIT   (CODE)
                                    425 	.area CABS    (ABS,CODE)
